  [1m[35m (197.8ms)[0m  [1m[35mCREATE DATABASE "ninety_nine_cats_development" ENCODING = 'unicode'[0m
  [1m[35m (71.6ms)[0m  [1m[35mCREATE DATABASE "ninety_nine_cats_test" ENCODING = 'unicode'[0m
  [1m[35m (31.6ms)[0m  [1m[35mCREATE TABLE "schema_migrations" ("version" character varying NOT NULL PRIMARY KEY)[0m
  [1m[35m (3.3ms)[0m  [1m[35mCREATE TABLE "ar_internal_metadata" ("key" character varying NOT NULL PRIMARY KEY, "value" character varying, "created_at" timestamp(6) NOT NULL, "updated_at" timestamp(6) NOT NULL)[0m
  [1m[35m (0.7ms)[0m  [1m[34mSELECT pg_try_advisory_lock(723150122408807205)[0m
  [1m[36mActiveRecord::SchemaMigration Pluck (1.0ms)[0m  [1m[34mSELECT "schema_migrations"."version" FROM "schema_migrations" ORDER BY "schema_migrations"."version" ASC[0m
Migrating to CreateCats (20221021184147)
  [1m[36mTRANSACTION (0.2ms)[0m  [1m[35mBEGIN[0m
  [1m[35m (5.3ms)[0m  [1m[35mCREATE TABLE "cats" ("id" bigserial primary key, "birth_date" date NOT NULL, "color" character varying NOT NULL, "name" character varying NOT NULL, "sex" character varying(1) NOT NULL, "description" text, "created_at" timestamp(6) NOT NULL, "updated_at" timestamp(6) NOT NULL)[0m
  [1m[36mActiveRecord::SchemaMigration Create (0.5ms)[0m  [1m[32mINSERT INTO "schema_migrations" ("version") VALUES ($1) RETURNING "version"[0m  [["version", "20221021184147"]]
  [1m[36mTRANSACTION (0.5ms)[0m  [1m[35mCOMMIT[0m
  [1m[36mActiveRecord::InternalMetadata Load (0.4ms)[0m  [1m[34mSELECT "ar_internal_metadata".* FROM "ar_internal_metadata" WHERE "ar_internal_metadata"."key" = $1 LIMIT $2[0m  [["key", "environment"], ["LIMIT", 1]]
  [1m[36mTRANSACTION (0.5ms)[0m  [1m[35mBEGIN[0m
  [1m[36mActiveRecord::InternalMetadata Create (0.8ms)[0m  [1m[32mINSERT INTO "ar_internal_metadata" ("key", "value", "created_at", "updated_at") VALUES ($1, $2, $3, $4) RETURNING "key"[0m  [["key", "environment"], ["value", "development"], ["created_at", "2022-10-21 18:44:39.641780"], ["updated_at", "2022-10-21 18:44:39.641780"]]
  [1m[36mTRANSACTION (0.4ms)[0m  [1m[35mCOMMIT[0m
  [1m[35m (0.3ms)[0m  [1m[34mSELECT pg_advisory_unlock(723150122408807205)[0m
  [1m[36mActiveRecord::SchemaMigration Pluck (0.8ms)[0m  [1m[34mSELECT "schema_migrations"."version" FROM "schema_migrations" ORDER BY "schema_migrations"."version" ASC[0m
  [1m[35m (348.8ms)[0m  [1m[35mCREATE DATABASE "ninety_nine_cats_development" ENCODING = 'unicode'[0m
  [1m[35m (263.5ms)[0m  [1m[35mCREATE DATABASE "ninety_nine_cats_test" ENCODING = 'unicode'[0m
  [1m[35m (16.5ms)[0m  [1m[35mCREATE TABLE "schema_migrations" ("version" character varying NOT NULL PRIMARY KEY)[0m
  [1m[35m (16.7ms)[0m  [1m[35mCREATE TABLE "ar_internal_metadata" ("key" character varying NOT NULL PRIMARY KEY, "value" character varying, "created_at" timestamp(6) NOT NULL, "updated_at" timestamp(6) NOT NULL)[0m
  [1m[35m (0.4ms)[0m  [1m[34mSELECT pg_try_advisory_lock(723150122408807205)[0m
  [1m[36mActiveRecord::SchemaMigration Pluck (0.5ms)[0m  [1m[34mSELECT "schema_migrations"."version" FROM "schema_migrations" ORDER BY "schema_migrations"."version" ASC[0m
Migrating to CreateCats (20221021184147)
  [1m[36mTRANSACTION (0.3ms)[0m  [1m[35mBEGIN[0m
  [1m[35m (16.2ms)[0m  [1m[35mCREATE TABLE "cats" ("id" bigserial primary key, "birth_date" date NOT NULL, "color" character varying NOT NULL, "name" character varying NOT NULL, "sex" character varying(1) NOT NULL, "description" text, "created_at" timestamp(6) NOT NULL, "updated_at" timestamp(6) NOT NULL)[0m
  [1m[36mActiveRecord::SchemaMigration Create (0.5ms)[0m  [1m[32mINSERT INTO "schema_migrations" ("version") VALUES ($1) RETURNING "version"[0m  [["version", "20221021184147"]]
  [1m[36mTRANSACTION (2.3ms)[0m  [1m[35mCOMMIT[0m
  [1m[36mActiveRecord::InternalMetadata Load (0.8ms)[0m  [1m[34mSELECT "ar_internal_metadata".* FROM "ar_internal_metadata" WHERE "ar_internal_metadata"."key" = $1 LIMIT $2[0m  [["key", "environment"], ["LIMIT", 1]]
  [1m[36mTRANSACTION (0.5ms)[0m  [1m[35mBEGIN[0m
  [1m[36mActiveRecord::InternalMetadata Create (0.6ms)[0m  [1m[32mINSERT INTO "ar_internal_metadata" ("key", "value", "created_at", "updated_at") VALUES ($1, $2, $3, $4) RETURNING "key"[0m  [["key", "environment"], ["value", "development"], ["created_at", "2022-10-21 19:10:11.948380"], ["updated_at", "2022-10-21 19:10:11.948380"]]
  [1m[36mTRANSACTION (2.2ms)[0m  [1m[35mCOMMIT[0m
  [1m[35m (0.4ms)[0m  [1m[34mSELECT pg_advisory_unlock(723150122408807205)[0m
  [1m[36mActiveRecord::SchemaMigration Pluck (0.6ms)[0m  [1m[34mSELECT "schema_migrations"."version" FROM "schema_migrations" ORDER BY "schema_migrations"."version" ASC[0m
  [1m[36mTRANSACTION (0.3ms)[0m  [1m[35mBEGIN[0m
  [1m[36mCat Create (1.1ms)[0m  [1m[32mINSERT INTO "cats" ("birth_date", "color", "name", "sex", "description", "created_at", "updated_at") VALUES ($1, $2, $3, $4, $5, $6, $7) RETURNING "id"[0m  [["birth_date", "2010-01-01"], ["color", "brown"], ["name", "Bubbles"], ["sex", "M"], ["description", nil], ["created_at", "2022-10-21 19:17:11.443186"], ["updated_at", "2022-10-21 19:17:11.443186"]]
  [1m[36mTRANSACTION (4.4ms)[0m  [1m[35mCOMMIT[0m
Started GET "/" for ::1 at 2022-10-21 15:43:12 -0400
  [1m[36mActiveRecord::SchemaMigration Pluck (0.5ms)[0m  [1m[34mSELECT "schema_migrations"."version" FROM "schema_migrations" ORDER BY "schema_migrations"."version" ASC[0m

NoMethodError - undefined method `action_encoding_template' for CatsController:Class:

Started POST "/__better_errors/ba847d38283a74ac/variables" for ::1 at 2022-10-21 15:43:13 -0400
Started GET "/" for ::1 at 2022-10-21 15:43:57 -0400

NoMethodError - undefined method `action_encoding_template' for CatsController:Class:

Started POST "/__better_errors/7b5a87125d0cd4ae/variables" for ::1 at 2022-10-21 15:43:57 -0400
Started POST "/__better_errors/7b5a87125d0cd4ae/variables" for ::1 at 2022-10-21 15:47:11 -0400
  [1m[36mTRANSACTION (0.2ms)[0m  [1m[35mBEGIN[0m
  [1m[36mCat Create (3.0ms)[0m  [1m[32mINSERT INTO "cats" ("birth_date", "color", "name", "sex", "description", "created_at", "updated_at") VALUES ($1, $2, $3, $4, $5, $6, $7) RETURNING "id"[0m  [["birth_date", "2020-01-01"], ["color", "brown"], ["name", "Bubbles"], ["sex", "M"], ["description", nil], ["created_at", "2022-10-21 20:03:37.027181"], ["updated_at", "2022-10-21 20:03:37.027181"]]
  [1m[36mTRANSACTION (0.9ms)[0m  [1m[35mCOMMIT[0m
  [1m[36mTRANSACTION (0.2ms)[0m  [1m[35mBEGIN[0m
  [1m[36mCat Create (0.4ms)[0m  [1m[32mINSERT INTO "cats" ("birth_date", "color", "name", "sex", "description", "created_at", "updated_at") VALUES ($1, $2, $3, $4, $5, $6, $7) RETURNING "id"[0m  [["birth_date", "2020-01-12"], ["color", "black"], ["name", "Ace"], ["sex", "F"], ["description", nil], ["created_at", "2022-10-21 20:04:41.336550"], ["updated_at", "2022-10-21 20:04:41.336550"]]
  [1m[36mTRANSACTION (0.4ms)[0m  [1m[35mCOMMIT[0m
Started GET "/" for ::1 at 2022-10-21 16:05:13 -0400
  [1m[36mActiveRecord::SchemaMigration Pluck (0.6ms)[0m  [1m[34mSELECT "schema_migrations"."version" FROM "schema_migrations" ORDER BY "schema_migrations"."version" ASC[0m

NoMethodError - undefined method `action_encoding_template' for CatsController:Class:

Started POST "/__better_errors/bcb86d3f44430be9/variables" for ::1 at 2022-10-21 16:05:14 -0400
Started GET "/" for ::1 at 2022-10-21 16:08:06 -0400

NoMethodError - undefined method `action_encoding_template' for CatsController:Class:

Started POST "/__better_errors/963f9f30fdf3f2df/variables" for ::1 at 2022-10-21 16:08:06 -0400
Started GET "/" for ::1 at 2022-10-21 16:08:08 -0400

NoMethodError - undefined method `action_encoding_template' for CatsController:Class:

Started POST "/__better_errors/fb639d2969f4a8f1/variables" for ::1 at 2022-10-21 16:08:09 -0400
  [1m[36mCat Load (0.5ms)[0m  [1m[34mSELECT "cats".* FROM "cats"[0m
  [1m[35m (2.0ms)[0m  [1m[35mCREATE DATABASE "ninety_nine_cats_development" ENCODING = 'unicode'[0m
  [1m[35m (0.6ms)[0m  [1m[35mCREATE DATABASE "ninety_nine_cats_test" ENCODING = 'unicode'[0m
Started GET "/" for ::1 at 2022-10-21 16:18:58 -0400
  [1m[36mActiveRecord::SchemaMigration Pluck (0.5ms)[0m  [1m[34mSELECT "schema_migrations"."version" FROM "schema_migrations" ORDER BY "schema_migrations"."version" ASC[0m
Processing by CatsController#index as HTML
Completed 500 Internal Server Error in 14ms (ActiveRecord: 0.0ms | Allocations: 4139)



ActionView::MissingTemplate - Missing template cats/index, application/index with {:locale=>[:en], :formats=>[:html], :variants=>[], :handlers=>[:raw, :erb, :html, :builder, :ruby]}.
Searched in:
  * "/Users/mingzhang/Desktop/W6D5/ninety-nine-cats/app/views"
Did you mean?  layouts/cats/index
               layouts/application:
  app/controllers/cats_controller.rb:4:in `index'

Started POST "/__better_errors/3215b9115df44616/variables" for ::1 at 2022-10-21 16:18:59 -0400
  [1m[36mCat Load (0.4ms)[0m  [1m[34mSELECT "cats".* FROM "cats" /* loading for inspect */ LIMIT $1[0m  [["LIMIT", 11]]
  ↳ (eval):72:in `block in render'
Started GET "/" for ::1 at 2022-10-21 16:20:34 -0400
Processing by CatsController#index as HTML
Completed 500 Internal Server Error in 2ms (ActiveRecord: 0.0ms | Allocations: 1266)



ActionView::MissingTemplate - Missing template cats/index, application/index with {:locale=>[:en], :formats=>[:html], :variants=>[], :handlers=>[:raw, :erb, :html, :builder, :ruby]}.
Searched in:
  * "/Users/mingzhang/Desktop/W6D5/ninety-nine-cats/app/views"
Did you mean?  layouts/index
               layouts/application:
  app/controllers/cats_controller.rb:4:in `index'

Started POST "/__better_errors/19354111ddcd8dea/variables" for ::1 at 2022-10-21 16:20:34 -0400
  [1m[36mCat Load (0.3ms)[0m  [1m[34mSELECT "cats".* FROM "cats" /* loading for inspect */ LIMIT $1[0m  [["LIMIT", 11]]
  ↳ (eval):72:in `block in render'
Started GET "/" for ::1 at 2022-10-21 16:22:33 -0400
Processing by CatsController#index as HTML
  Rendering cats/index.html.erb
  [1m[36mCat Load (0.3ms)[0m  [1m[34mSELECT "cats".* FROM "cats"[0m
  ↳ app/views/cats/index.html.erb:3
  Rendered cats/index.html.erb (Duration: 4.7ms | Allocations: 1182)
Completed 200 OK in 11ms (Views: 10.4ms | ActiveRecord: 0.3ms | Allocations: 2422)


  [1m[36mCat Load (1.0ms)[0m  [1m[34mSELECT "cats".* FROM "cats"[0m
  [1m[36mTRANSACTION (0.3ms)[0m  [1m[35mBEGIN[0m
  [1m[36mCat Create (1.2ms)[0m  [1m[32mINSERT INTO "cats" ("birth_date", "color", "name", "sex", "description", "created_at", "updated_at") VALUES ($1, $2, $3, $4, $5, $6, $7) RETURNING "id"[0m  [["birth_date", "2020-01-12"], ["color", "black"], ["name", "Ace"], ["sex", "F"], ["description", nil], ["created_at", "2022-10-21 20:26:00.705175"], ["updated_at", "2022-10-21 20:26:00.705175"]]
  [1m[36mTRANSACTION (3.4ms)[0m  [1m[35mCOMMIT[0m
  [1m[36mCat Load (0.4ms)[0m  [1m[34mSELECT "cats".* FROM "cats"[0m
Started GET "/cats/1" for ::1 at 2022-10-21 16:41:36 -0400
  [1m[36mActiveRecord::SchemaMigration Pluck (0.7ms)[0m  [1m[34mSELECT "schema_migrations"."version" FROM "schema_migrations" ORDER BY "schema_migrations"."version" ASC[0m

SyntaxError - syntax error, unexpected ':', expecting `end'
      render: show
            ^:
  app/controllers/cats_controller.rb:10:in `'

Started POST "/__better_errors/706c6f772b799810/variables" for ::1 at 2022-10-21 16:41:36 -0400
Started GET "/cats/1" for ::1 at 2022-10-21 16:41:59 -0400
Processing by CatsController#show as HTML
  Parameters: {"id"=>"1"}
  [1m[36mCat Load (1.0ms)[0m  [1m[34mSELECT "cats".* FROM "cats" WHERE "cats"."id" = $1 LIMIT $2[0m  [["id", 1], ["LIMIT", 1]]
  ↳ app/controllers/cats_controller.rb:8:in `show'
  Rendering cats/show.html.erb
  Rendered cats/show.html.erb (Duration: 1.6ms | Allocations: 470)
Completed 200 OK in 38ms (Views: 7.1ms | ActiveRecord: 6.6ms | Allocations: 12990)


Started GET "/" for ::1 at 2022-10-21 16:42:46 -0400
Processing by CatsController#index as HTML
  Rendering cats/index.html.erb
  [1m[36mCat Load (0.4ms)[0m  [1m[34mSELECT "cats".* FROM "cats"[0m
  ↳ app/views/cats/index.html.erb:3
  Rendered cats/index.html.erb (Duration: 6.1ms | Allocations: 966)
Completed 200 OK in 14ms (Views: 13.0ms | ActiveRecord: 0.4ms | Allocations: 1682)


Started GET "/cats" for ::1 at 2022-10-21 16:42:49 -0400
Processing by CatsController#index as HTML
  Rendering cats/index.html.erb
  [1m[36mCat Load (0.5ms)[0m  [1m[34mSELECT "cats".* FROM "cats"[0m
  ↳ app/views/cats/index.html.erb:3
  Rendered cats/index.html.erb (Duration: 2.8ms | Allocations: 623)
Completed 200 OK in 4ms (Views: 3.3ms | ActiveRecord: 0.5ms | Allocations: 876)


Started GET "/cats/1" for ::1 at 2022-10-21 16:42:52 -0400
Processing by CatsController#show as HTML
  Parameters: {"id"=>"1"}
  [1m[36mCat Load (0.7ms)[0m  [1m[34mSELECT "cats".* FROM "cats" WHERE "cats"."id" = $1 LIMIT $2[0m  [["id", 1], ["LIMIT", 1]]
  ↳ app/controllers/cats_controller.rb:8:in `show'
  Rendering cats/show.html.erb
  Rendered cats/show.html.erb (Duration: 2.8ms | Allocations: 168)
Completed 200 OK in 13ms (Views: 6.0ms | ActiveRecord: 0.7ms | Allocations: 965)


Started GET "/cats" for ::1 at 2022-10-21 16:42:55 -0400
Processing by CatsController#index as HTML
  Rendering cats/index.html.erb
  [1m[36mCat Load (0.5ms)[0m  [1m[34mSELECT "cats".* FROM "cats"[0m
  ↳ app/views/cats/index.html.erb:3
  Rendered cats/index.html.erb (Duration: 2.6ms | Allocations: 623)
Completed 200 OK in 4ms (Views: 3.1ms | ActiveRecord: 0.5ms | Allocations: 852)


Started GET "/" for ::1 at 2022-10-21 16:43:02 -0400
Processing by CatsController#index as HTML
  Rendering cats/index.html.erb
  [1m[36mCat Load (0.5ms)[0m  [1m[34mSELECT "cats".* FROM "cats"[0m
  ↳ app/views/cats/index.html.erb:3
  Rendered cats/index.html.erb (Duration: 2.7ms | Allocations: 616)
Completed 200 OK in 4ms (Views: 3.2ms | ActiveRecord: 0.5ms | Allocations: 839)


Started GET "/cats/2" for ::1 at 2022-10-21 16:43:10 -0400
Processing by CatsController#show as HTML
  Parameters: {"id"=>"2"}
  [1m[36mCat Load (4.8ms)[0m  [1m[34mSELECT "cats".* FROM "cats" WHERE "cats"."id" = $1 LIMIT $2[0m  [["id", 2], ["LIMIT", 1]]
  ↳ app/controllers/cats_controller.rb:8:in `show'
  Rendering cats/show.html.erb
  Rendered cats/show.html.erb (Duration: 0.2ms | Allocations: 23)
Completed 200 OK in 8ms (Views: 1.2ms | ActiveRecord: 4.8ms | Allocations: 736)


Started GET "/cats/" for ::1 at 2022-10-21 16:43:16 -0400
Processing by CatsController#index as HTML
  Rendering cats/index.html.erb
  [1m[36mCat Load (0.5ms)[0m  [1m[34mSELECT "cats".* FROM "cats"[0m
  ↳ app/views/cats/index.html.erb:3
  Rendered cats/index.html.erb (Duration: 3.0ms | Allocations: 615)
Completed 200 OK in 4ms (Views: 3.5ms | ActiveRecord: 0.5ms | Allocations: 836)


Started GET "/" for ::1 at 2022-10-21 16:43:37 -0400
Processing by Rails::WelcomeController#index as HTML
  Rendering /home/arnobdam/.rbenv/versions/3.1.2/lib/ruby/gems/3.1.0/gems/railties-7.0.4/lib/rails/templates/rails/welcome/index.html.erb
  Rendered /home/arnobdam/.rbenv/versions/3.1.2/lib/ruby/gems/3.1.0/gems/railties-7.0.4/lib/rails/templates/rails/welcome/index.html.erb (Duration: 2.9ms | Allocations: 283)
Completed 200 OK in 6ms (Views: 4.9ms | ActiveRecord: 0.0ms | Allocations: 982)


Started GET "/" for ::1 at 2022-10-21 16:43:49 -0400
Processing by CatsController#index as HTML
  Rendering cats/index.html.erb
  [1m[36mCat Load (0.9ms)[0m  [1m[34mSELECT "cats".* FROM "cats"[0m
  ↳ app/views/cats/index.html.erb:3
  Rendered cats/index.html.erb (Duration: 12.0ms | Allocations: 3159)
Completed 200 OK in 16ms (Views: 8.4ms | ActiveRecord: 5.6ms | Allocations: 4930)


  [1m[36mTRANSACTION (0.3ms)[0m  [1m[35mBEGIN[0m
  [1m[36mCat Create (0.9ms)[0m  [1m[32mINSERT INTO "cats" ("birth_date", "color", "name", "sex", "description", "created_at", "updated_at") VALUES ($1, $2, $3, $4, $5, $6, $7) RETURNING "id"[0m  [["birth_date", "2016-01-02"], ["color", "white"], ["name", "Edgar"], ["sex", "M"], ["description", nil], ["created_at", "2022-10-21 20:48:03.024838"], ["updated_at", "2022-10-21 20:48:03.024838"]]
  [1m[36mTRANSACTION (7.5ms)[0m  [1m[35mCOMMIT[0m
Started GET "/cats/new" for 127.0.0.1 at 2022-10-21 16:56:39 -0400
  [1m[36mActiveRecord::SchemaMigration Pluck (0.5ms)[0m  [1m[34mSELECT "schema_migrations"."version" FROM "schema_migrations" ORDER BY "schema_migrations"."version" ASC[0m
Processing by CatsController#new as HTML
  Rendering cats/new.html.erb
  Rendered cats/new.html.erb (Duration: 0.9ms | Allocations: 496)
Completed 200 OK in 25ms (Views: 23.8ms | ActiveRecord: 0.0ms | Allocations: 2780)


Started GET "/cats/new" for ::1 at 2022-10-21 16:57:13 -0400
  [1m[36mActiveRecord::SchemaMigration Pluck (0.5ms)[0m  [1m[34mSELECT "schema_migrations"."version" FROM "schema_migrations" ORDER BY "schema_migrations"."version" ASC[0m
Processing by CatsController#new as HTML
  Rendering cats/new.html.erb
  Rendered cats/new.html.erb (Duration: 1.9ms | Allocations: 496)
Completed 200 OK in 8ms (Views: 7.2ms | ActiveRecord: 0.0ms | Allocations: 2779)


Started POST "/cats" for ::1 at 2022-10-21 16:57:31 -0400
Processing by CatsController#create as HTML
  Parameters: {"cat"=>{"name"=>"ewfijip", "birth_date"=>"ioji"}}
No template found for CatsController#create, rendering head :no_content
Completed 204 No Content in 4ms (ActiveRecord: 0.0ms | Allocations: 246)


Started POST "/cats" for ::1 at 2022-10-21 16:57:32 -0400
Processing by CatsController#create as HTML
  Parameters: {"cat"=>{"name"=>"ewfijip", "birth_date"=>"ioji"}}
No template found for CatsController#create, rendering head :no_content
Completed 204 No Content in 1ms (ActiveRecord: 0.0ms | Allocations: 75)


Started POST "/cats" for ::1 at 2022-10-21 16:57:32 -0400
Processing by CatsController#create as HTML
  Parameters: {"cat"=>{"name"=>"ewfijip", "birth_date"=>"ioji"}}
No template found for CatsController#create, rendering head :no_content
Completed 204 No Content in 0ms (ActiveRecord: 0.0ms | Allocations: 75)


Started POST "/cats" for ::1 at 2022-10-21 16:57:33 -0400
Processing by CatsController#create as HTML
  Parameters: {"cat"=>{"name"=>"ewfijip", "birth_date"=>"ioji"}}
No template found for CatsController#create, rendering head :no_content
Completed 204 No Content in 0ms (ActiveRecord: 0.0ms | Allocations: 75)


Started POST "/cats" for ::1 at 2022-10-21 16:57:34 -0400
Processing by CatsController#create as HTML
  Parameters: {"cat"=>{"name"=>"ewfijip", "birth_date"=>"ioji"}}
No template found for CatsController#create, rendering head :no_content
Completed 204 No Content in 0ms (ActiveRecord: 0.0ms | Allocations: 71)


